<?xml version="1.0" encoding="UTF-8"?>
<!-- Generated by org.testng.reporters.JUnitReportReporter -->
<testsuite skipped="0" hostname="VAIO" name="Selenium.DropdownFunctions_2" tests="1" failures="0" timestamp="20 Apr 2020 11:00:19 GMT" time="11.008" errors="0">
  <testcase name="dropDownSelectFunction" time="11.008" classname="Selenium.DropdownFunctions_2"/>
</testsuite> <!-- Selenium.DropdownFunctions_2 -->
