<?xml version="1.0" encoding="UTF-8"?>
<!-- Generated by org.testng.reporters.JUnitReportReporter -->
<testsuite skipped="0" hostname="VAIO" name="Selenium.BootStrapDropdown_2" tests="1" failures="0" timestamp="20 Apr 2020 11:57:18 GMT" time="8.519" errors="0">
  <testcase name="bootStrap" time="8.519" classname="Selenium.BootStrapDropdown_2"/>
</testsuite> <!-- Selenium.BootStrapDropdown_2 -->
