<?xml version="1.0" encoding="UTF-8"?>
<!-- Generated by org.testng.reporters.JUnitReportReporter -->
<testsuite skipped="0" hostname="VAIO" name="Selenium.BrowserWindowPopup_1" tests="1" failures="0" timestamp="20 Apr 2020 10:52:11 GMT" time="10.071" errors="0">
  <testcase name="browserPopup" time="10.071" classname="Selenium.BrowserWindowPopup_1"/>
</testsuite> <!-- Selenium.BrowserWindowPopup_1 -->
