<?xml version="1.0" encoding="UTF-8"?>
<!-- Generated by org.testng.reporters.JUnitReportReporter -->
<testsuite skipped="0" hostname="VAIO" name="Selenium.AlertPopup" tests="1" failures="0" timestamp="20 Apr 2020 10:47:55 GMT" time="6.056" errors="0">
  <testcase name="alertWindowPopup" time="6.056" classname="Selenium.AlertPopup"/>
</testsuite> <!-- Selenium.AlertPopup -->
